<?xml version="1.0" encoding="UTF-8"?>
<!-- Generated by org.testng.reporters.JUnitReportReporter -->
<testsuite skipped="0" hostname="DESKTOP-NFATJD6" name="testCases.POST_Or_Create_A_Product" tests="1" failures="0" timestamp="05 Mar 2021 03:53:46 GMT" time="2.381" errors="0">
  <testcase name="create_A_Product" time="2.381" classname="testCases.POST_Or_Create_A_Product"/>
</testsuite> <!-- testCases.POST_Or_Create_A_Product -->
