<?xml version="1.0" encoding="UTF-8"?>
<!-- Generated by org.testng.reporters.JUnitReportReporter -->
<testsuite skipped="0" hostname="DESKTOP-NFATJD6" name="testCases.DELETE_A_Product" tests="1" failures="0" timestamp="28 Feb 2021 17:52:02 GMT" time="3.445" errors="0">
  <testcase name="delete_A_Product" time="3.445" classname="testCases.DELETE_A_Product"/>
</testsuite> <!-- testCases.DELETE_A_Product -->
